[debug] [2023-05-30T07:18:13.211Z] ----------------------------------------------------------------------
[debug] [2023-05-30T07:18:13.213Z] Command:       C:\Program Files\nodejs\node.exe C:\Users\63956\AppData\Roaming\npm\node_modules\firebase-tools\lib\bin\firebase.js functions:shell
[debug] [2023-05-30T07:18:13.214Z] CLI Version:   12.2.0
[debug] [2023-05-30T07:18:13.214Z] Platform:      win32
[debug] [2023-05-30T07:18:13.214Z] Node Version:  v18.15.0
[debug] [2023-05-30T07:18:13.215Z] Time:          Tue May 30 2023 15:18:13 GMT+0800 (Singapore Standard Time)
[debug] [2023-05-30T07:18:13.215Z] ----------------------------------------------------------------------
[debug] 
[debug] [2023-05-30T07:18:13.227Z] >>> [apiv2][query] GET https://firebase-public.firebaseio.com/cli.json [none]
[debug] [2023-05-30T07:18:13.351Z] > command requires scopes: ["email","openid","https://www.googleapis.com/auth/cloudplatformprojects.readonly","https://www.googleapis.com/auth/firebase","https://www.googleapis.com/auth/cloud-platform"]
[debug] [2023-05-30T07:18:13.352Z] > authorizing via signed-in user (acedelacuesta30@gmail.com)
[debug] [2023-05-30T07:18:13.352Z] [iam] checking project mwenzi-d77c4 for permissions ["firebase.projects.get"]
[debug] [2023-05-30T07:18:13.353Z] > refreshing access token with scopes: []
[debug] [2023-05-30T07:18:13.354Z] >>> [apiv2][query] POST https://www.googleapis.com/oauth2/v3/token [none]
[debug] [2023-05-30T07:18:13.354Z] >>> [apiv2][body] POST https://www.googleapis.com/oauth2/v3/token [omitted]
[debug] [2023-05-30T07:18:13.654Z] <<< [apiv2][status] POST https://www.googleapis.com/oauth2/v3/token 200
[debug] [2023-05-30T07:18:13.655Z] <<< [apiv2][body] POST https://www.googleapis.com/oauth2/v3/token [omitted]
[debug] [2023-05-30T07:18:13.669Z] >>> [apiv2][query] POST https://cloudresourcemanager.googleapis.com/v1/projects/mwenzi-d77c4:testIamPermissions [none]
[debug] [2023-05-30T07:18:13.669Z] >>> [apiv2][(partial)header] POST https://cloudresourcemanager.googleapis.com/v1/projects/mwenzi-d77c4:testIamPermissions x-goog-quota-user=projects/mwenzi-d77c4
[debug] [2023-05-30T07:18:13.669Z] >>> [apiv2][body] POST https://cloudresourcemanager.googleapis.com/v1/projects/mwenzi-d77c4:testIamPermissions {"permissions":["firebase.projects.get"]}
[debug] [2023-05-30T07:18:13.847Z] <<< [apiv2][status] GET https://firebase-public.firebaseio.com/cli.json 200
[debug] [2023-05-30T07:18:13.847Z] <<< [apiv2][body] GET https://firebase-public.firebaseio.com/cli.json {"cloudBuildErrorAfter":1594252800000,"cloudBuildWarnAfter":1590019200000,"defaultNode10After":1594252800000,"minVersion":"3.0.5","node8DeploysDisabledAfter":1613390400000,"node8RuntimeDisabledAfter":1615809600000,"node8WarnAfter":1600128000000}
[debug] [2023-05-30T07:18:14.809Z] <<< [apiv2][status] POST https://cloudresourcemanager.googleapis.com/v1/projects/mwenzi-d77c4:testIamPermissions 200
[debug] [2023-05-30T07:18:14.809Z] <<< [apiv2][body] POST https://cloudresourcemanager.googleapis.com/v1/projects/mwenzi-d77c4:testIamPermissions {"permissions":["firebase.projects.get"]}
[debug] [2023-05-30T07:18:14.813Z] [functions] Functions Emulator only supports listening on one address (127.0.0.1). Not listening on ::1
[debug] [2023-05-30T07:18:14.815Z] defaultcredentials: writing to file C:\Users\63956\AppData\Roaming\firebase\acedelacuesta30_gmail_com_application_default_credentials.json
[debug] [2023-05-30T07:18:14.817Z] DEBUG: Setting GAC to C:\Users\63956\AppData\Roaming\firebase\acedelacuesta30_gmail_com_application_default_credentials.json
[debug] [2023-05-30T07:18:14.818Z] >>> [apiv2][query] GET https://firebase.googleapis.com/v1beta1/projects/mwenzi-d77c4/adminSdkConfig [none]
[debug] [2023-05-30T07:18:15.322Z] <<< [apiv2][status] GET https://firebase.googleapis.com/v1beta1/projects/mwenzi-d77c4/adminSdkConfig 200
[debug] [2023-05-30T07:18:15.322Z] <<< [apiv2][body] GET https://firebase.googleapis.com/v1beta1/projects/mwenzi-d77c4/adminSdkConfig {"projectId":"mwenzi-d77c4","databaseURL":"https://mwenzi-d77c4-default-rtdb.asia-southeast1.firebasedatabase.app","storageBucket":"mwenzi-d77c4.appspot.com"}
[debug] [2023-05-30T07:18:15.332Z] [functions] Watching "C:\Users\63956\Documents\GitHub\Mwenzi\functions" for Cloud Functions...
[debug] [2023-05-30T07:18:15.341Z] Validating nodejs source
[debug] [2023-05-30T07:18:17.111Z] > [functions] package.json contents: {
  "name": "functions",
  "description": "Cloud Functions for Firebase",
  "scripts": {
    "serve": "firebase emulators:start --only functions",
    "shell": "firebase functions:shell",
    "start": "npm run shell",
    "deploy": "firebase deploy --only functions",
    "logs": "firebase functions:log"
  },
  "engines": {
    "node": "18"
  },
  "main": "index.js",
  "dependencies": {
    "firebase-admin": "^11.8.0",
    "firebase-functions": "^4.3.1"
  },
  "devDependencies": {
    "firebase-functions-test": "^3.1.0"
  },
  "private": true
}
[debug] [2023-05-30T07:18:17.111Z] Building nodejs source
[debug] [2023-05-30T07:18:17.111Z] Failed to find version of module node: reached end of search path C:\Users\63956\Documents\GitHub\Mwenzi\functions\node_modules
[info] +  functions: Using node@18 from host. 
[debug] [2023-05-30T07:18:17.114Z] Could not find functions.yaml. Must use http discovery
[debug] [2023-05-30T07:18:17.121Z] Found firebase-functions binary at 'C:\Users\63956\Documents\GitHub\Mwenzi\node_modules\.bin\firebase-functions'
[debug] [2023-05-30T07:18:18.653Z] Serving at port 8478

[debug] [2023-05-30T07:18:22.133Z] Got response from /__/functions.yaml {"endpoints":{"createDailyAttendance":{"platform":"gcfv1","availableMemoryMb":null,"timeoutSeconds":null,"minInstances":null,"maxInstances":null,"ingressSettings":null,"serviceAccountEmail":null,"vpc":null,"scheduleTrigger":{"schedule":"0 4 * * *","retryConfig":{"retryCount":null,"maxDoublings":null,"maxRetryDuration":null,"maxBackoffDuration":null,"minBackoffDuration":null},"timeZone":"Asia/Manila"},"labels":{},"entryPoint":"createDailyAttendance"}},"specVersion":"v1alpha1","requiredAPIs":[{"api":"cloudscheduler.googleapis.com","reason":"Needed for scheduled functions."}]}
[debug] [2023-05-30T07:18:22.141Z] shutdown requested via /__/quitquitquit

[debug] [2023-05-30T07:18:22.154Z] [functions] Loaded functions definitions from source: createDailyAttendance.
[debug] [2023-05-30T07:18:22.154Z] [functions[us-central1-createDailyAttendance]] function ignored because the pubsub emulator does not exist or is not running.
[info] i  functions: Loaded functions: createDailyAttendance 
[warn] !  functions: The following emulators are not running, calls to these services will affect production: firestore, database, pubsub, storage, eventarc 
[debug] [2023-05-30T07:18:37.870Z] shell:createDailyAttendance: trigger={"entryPoint":"createDailyAttendance","platform":"gcfv1","region":"us-central1","name":"createDailyAttendance","id":"us-central1-createDailyAttendance","codebase":"default","availableMemoryMb":256,"labels":{"EVENTARC_CLOUD_EVENT_SOURCE":"cloudfunctions-emulated.googleapis.com/projects/mwenzi-d77c4/locations/us-central1/functions/createDailyAttendance"},"timeoutSeconds":60,"secretEnvironmentVariables":[],"eventTrigger":{"eventType":"pubsub","resource":""},"schedule":{"schedule":"0 4 * * *","timeZone":"Asia/Manila","retryConfig":{"maxBackoffSeconds":null,"minBackoffSeconds":null,"maxRetrySeconds":null,"retryCount":null,"maxDoublings":null}}}
[debug] [2023-05-30T07:18:37.871Z] shell:createDailyAttendance: opts={}, data={}
[debug] [2023-05-30T07:18:37.883Z] DEBUG: [worker-pool] addWorker(us-central1-createDailyAttendance)
[debug] [2023-05-30T07:18:37.884Z] DEBUG: [worker-pool] Adding worker with key us-central1-createDailyAttendance, total=1
[debug] [2023-05-30T07:18:39.039Z] DEBUG: [runtime-status] [30728] Resolved module firebase-admin {"declared":true,"installed":true,"version":"11.8.0","resolution":"C:\\Users\\63956\\Documents\\GitHub\\Mwenzi\\node_modules\\firebase-admin\\lib\\index.js"}
[debug] [2023-05-30T07:18:39.040Z] DEBUG: [runtime-status] [30728] Resolved module firebase-functions {"declared":true,"installed":true,"version":"4.4.0","resolution":"C:\\Users\\63956\\Documents\\GitHub\\Mwenzi\\node_modules\\firebase-functions\\lib\\v1\\index.js"}
[debug] [2023-05-30T07:18:39.041Z] DEBUG: [runtime-status] [30728] Outgoing network have been stubbed. [{"name":"http","status":"mocked"},{"name":"http","status":"mocked"},{"name":"https","status":"mocked"},{"name":"https","status":"mocked"},{"name":"net","status":"mocked"}]
[debug] [2023-05-30T07:18:39.042Z] DEBUG: [runtime-status] [30728] Resolved module firebase-functions {"declared":true,"installed":true,"version":"4.4.0","resolution":"C:\\Users\\63956\\Documents\\GitHub\\Mwenzi\\node_modules\\firebase-functions\\lib\\v1\\index.js"}
[debug] [2023-05-30T07:18:39.282Z] DEBUG: [runtime-status] [30728] Checked functions.config() {"config":{}}
[debug] [2023-05-30T07:18:39.283Z] DEBUG: [runtime-status] [30728] firebase-functions has been stubbed. {"functionsResolution":{"declared":true,"installed":true,"version":"4.4.0","resolution":"C:\\Users\\63956\\Documents\\GitHub\\Mwenzi\\node_modules\\firebase-functions\\lib\\v1\\index.js"}}
[debug] [2023-05-30T07:18:39.283Z] DEBUG: [runtime-status] [30728] Resolved module firebase-functions {"declared":true,"installed":true,"version":"4.4.0","resolution":"C:\\Users\\63956\\Documents\\GitHub\\Mwenzi\\node_modules\\firebase-functions\\lib\\v1\\index.js"}
[debug] [2023-05-30T07:18:39.285Z] DEBUG: [runtime-status] [30728] Resolved module firebase-admin {"declared":true,"installed":true,"version":"11.8.0","resolution":"C:\\Users\\63956\\Documents\\GitHub\\Mwenzi\\node_modules\\firebase-admin\\lib\\index.js"}
[debug] [2023-05-30T07:18:39.287Z] DEBUG: [runtime-status] [30728] Resolved module firebase-functions {"declared":true,"installed":true,"version":"4.4.0","resolution":"C:\\Users\\63956\\Documents\\GitHub\\Mwenzi\\node_modules\\firebase-functions\\lib\\v1\\index.js"}
[debug] [2023-05-30T07:18:39.288Z] DEBUG: [runtime-status] [30728] firebase-admin has been stubbed. {"adminResolution":{"declared":true,"installed":true,"version":"11.8.0","resolution":"C:\\Users\\63956\\Documents\\GitHub\\Mwenzi\\node_modules\\firebase-admin\\lib\\index.js"}}
[debug] [2023-05-30T07:18:39.294Z] DEBUG: [runtime-status] [30728] initializeApp(DEFAULT) {"storageBucket":"mwenzi-d77c4.appspot.com","databaseURL":"https://mwenzi-d77c4-default-rtdb.asia-southeast1.firebasedatabase.app","projectId":"mwenzi-d77c4"}
[debug] [2023-05-30T07:18:39.325Z] DEBUG: [runtime-status] [30728] Functions runtime initialized. {"cwd":"C:\\Users\\63956\\Documents\\GitHub\\Mwenzi\\functions","node_version":"18.15.0"}
[debug] [2023-05-30T07:18:39.325Z] DEBUG: [runtime-status] [30728] Listening to port: \\?\pipe\fire_emu_93bec5d0856f81e1
[debug] [2023-05-30T07:18:39.401Z] DEBUG: [worker-us-central1-createDailyAttendance-d4406780-a7e5-45ef-b384-e2b02f761fea]: IDLE
[debug] [2023-05-30T07:18:39.521Z] DEBUG: [runtime-status] [30728] RunBackground {"data":{},"context":{"eventId":"be003326-0534-49a6-8c13-492444a102a0","timestamp":"2023-05-30T07:18:37.871Z","eventType":"pubsub"}}
[warn] !  functions: The Cloud Firestore emulator is not running, so calls to Firestore will affect production. {"metadata":{"emulator":{"name":"functions"},"function":{"name":"us-central1-createDailyAttendance"},"extension":{},"message":"The Cloud Firestore emulator is not running, so calls to Firestore will affect production."}}
[warn] !  Google API requested!
   - URL: "https://oauth2.googleapis.com/token"
   - Be careful, this may be a production service. {"metadata":{"emulator":{"name":"functions"},"function":{"name":"us-central1-createDailyAttendance"},"extension":{},"message":"Google API requested!\n   - URL: \"https://oauth2.googleapis.com/token\"\n   - Be careful, this may be a production service."}}
[info] >  Attendance documents created for 2023-05-30 {"user":"Attendance documents created for 2023-05-30","metadata":{"emulator":{"name":"functions"},"function":{"name":"us-central1-createDailyAttendance"},"extension":{},"message":"\u001b[90m> \u001b[39m Attendance documents created for 2023-05-30"}}
[debug] [2023-05-30T07:19:23.370Z] shell:createDailyAttendance: trigger={"entryPoint":"createDailyAttendance","platform":"gcfv1","region":"us-central1","name":"createDailyAttendance","id":"us-central1-createDailyAttendance","codebase":"default","availableMemoryMb":256,"labels":{"EVENTARC_CLOUD_EVENT_SOURCE":"cloudfunctions-emulated.googleapis.com/projects/mwenzi-d77c4/locations/us-central1/functions/createDailyAttendance"},"timeoutSeconds":60,"secretEnvironmentVariables":[],"eventTrigger":{"eventType":"pubsub","resource":""},"schedule":{"schedule":"0 4 * * *","timeZone":"Asia/Manila","retryConfig":{"maxBackoffSeconds":null,"minBackoffSeconds":null,"maxRetrySeconds":null,"retryCount":null,"maxDoublings":null}}}
[debug] [2023-05-30T07:19:23.370Z] shell:createDailyAttendance: opts={}, data={}
[debug] [2023-05-30T07:19:23.374Z] DEBUG: [runtime-status] [30728] RunBackground {"data":{},"context":{"eventId":"599b3a9e-3dd9-48b6-acad-efbdd175c987","timestamp":"2023-05-30T07:19:23.370Z","eventType":"pubsub"}}
[info] >  Attendance documents created for 2023-05-30 {"user":"Attendance documents created for 2023-05-30","metadata":{"emulator":{"name":"functions"},"function":{"name":"us-central1-createDailyAttendance"},"extension":{},"message":"\u001b[90m> \u001b[39m Attendance documents created for 2023-05-30"}}
[debug] [2023-05-30T07:24:10.163Z] DEBUG: [worker-us-central1-createDailyAttendance-d4406780-a7e5-45ef-b384-e2b02f761fea]: exited
[debug] [2023-05-30T07:24:10.164Z] DEBUG: [worker-us-central1-createDailyAttendance-d4406780-a7e5-45ef-b384-e2b02f761fea]: FINISHED
